<?xml version="1.0" encoding="UTF-8" ?>
<testsuite failures="0" time="0.008" errors="0" skipped="0" tests="2" name="com.borjabares.pan_ssh.test.util.TrimmerTest">
  <properties>
    <property name="java.runtime.name" value="Java(TM) SE Runtime Environment"/>
    <property name="sun.boot.library.path" value="/System/Library/Java/JavaVirtualMachines/1.6.0.jdk/Contents/Libraries"/>
    <property name="java.vm.version" value="20.8-b03-424"/>
    <property name="awt.nativeDoubleBuffering" value="true"/>
    <property name="gopherProxySet" value="false"/>
    <property name="mrj.build" value="10M3720"/>
    <property name="java.vm.vendor" value="Apple Inc."/>
    <property name="java.vendor.url" value="http://www.apple.com/"/>
    <property name="path.separator" value=":"/>
    <property name="java.vm.name" value="Java HotSpot(TM) 64-Bit Server VM"/>
    <property name="file.encoding.pkg" value="sun.io"/>
    <property name="user.country" value="ES"/>
    <property name="sun.java.launcher" value="SUN_STANDARD"/>
    <property name="sun.os.patch.level" value="unknown"/>
    <property name="java.vm.specification.name" value="Java Virtual Machine Specification"/>
    <property name="user.dir" value="/Users/Buh/Documents/workspace/pan-ssh"/>
    <property name="java.runtime.version" value="1.6.0_33-b03-424-10M3720"/>
    <property name="java.awt.graphicsenv" value="apple.awt.CGraphicsEnvironment"/>
    <property name="basedir" value="/Users/Buh/Documents/workspace/pan-ssh"/>
    <property name="java.endorsed.dirs" value="/System/Library/Java/JavaVirtualMachines/1.6.0.jdk/Contents/Home/lib/endorsed"/>
    <property name="os.arch" value="x86_64"/>
    <property name="surefire.real.class.path" value="/Users/Buh/Documents/workspace/pan-ssh/target/surefire/surefirebooter1185821195079077252.jar"/>
    <property name="java.io.tmpdir" value="/var/folders/of/oftZbp7fHceIih+A9QbJdk+++TI/-Tmp-/"/>
    <property name="line.separator" value="
"/>
    <property name="java.vm.specification.vendor" value="Sun Microsystems Inc."/>
    <property name="os.name" value="Mac OS X"/>
    <property name="sun.jnu.encoding" value="MacRoman"/>
    <property name="java.library.path" value=".:/Library/Java/Extensions:/System/Library/Java/Extensions:/usr/lib/java"/>
    <property name="surefire.test.class.path" value="/Users/Buh/Documents/workspace/pan-ssh/target/test-classes:/Users/Buh/Documents/workspace/pan-ssh/target/classes:/Users/Buh/.m2/repository/javax/servlet/javax.servlet-api/3.0.1/javax.servlet-api-3.0.1.jar:/Users/Buh/.m2/repository/org/slf4j/slf4j-simple/1.6.1/slf4j-simple-1.6.1.jar:/Users/Buh/.m2/repository/org/slf4j/slf4j-api/1.6.1/slf4j-api-1.6.1.jar:/Users/Buh/.m2/repository/javassist/javassist/3.9.0.GA/javassist-3.9.0.GA.jar:/Users/Buh/.m2/repository/cglib/cglib-nodep/2.2/cglib-nodep-2.2.jar:/Users/Buh/.m2/repository/mysql/mysql-connector-java/5.1.9/mysql-connector-java-5.1.9.jar:/Users/Buh/.m2/repository/junit/junit/4.7/junit-4.7.jar:/Users/Buh/.m2/repository/org/hibernate/hibernate-core/3.5.6-Final/hibernate-core-3.5.6-Final.jar:/Users/Buh/.m2/repository/antlr/antlr/2.7.6/antlr-2.7.6.jar:/Users/Buh/.m2/repository/commons-collections/commons-collections/3.1/commons-collections-3.1.jar:/Users/Buh/.m2/repository/dom4j/dom4j/1.6.1/dom4j-1.6.1.jar:/Users/Buh/.m2/repository/xml-apis/xml-apis/1.0.b2/xml-apis-1.0.b2.jar:/Users/Buh/.m2/repository/javax/transaction/jta/1.1/jta-1.1.jar:/Users/Buh/.m2/repository/org/hibernate/hibernate-annotations/3.5.6-Final/hibernate-annotations-3.5.6-Final.jar:/Users/Buh/.m2/repository/org/hibernate/hibernate-commons-annotations/3.2.0.Final/hibernate-commons-annotations-3.2.0.Final.jar:/Users/Buh/.m2/repository/org/hibernate/javax/persistence/hibernate-jpa-2.0-api/1.0.0.Final/hibernate-jpa-2.0-api-1.0.0.Final.jar:/Users/Buh/.m2/repository/org/springframework/spring-orm/3.0.5.RELEASE/spring-orm-3.0.5.RELEASE.jar:/Users/Buh/.m2/repository/org/springframework/spring-beans/3.0.5.RELEASE/spring-beans-3.0.5.RELEASE.jar:/Users/Buh/.m2/repository/org/springframework/spring-core/3.0.5.RELEASE/spring-core-3.0.5.RELEASE.jar:/Users/Buh/.m2/repository/org/springframework/spring-asm/3.0.5.RELEASE/spring-asm-3.0.5.RELEASE.jar:/Users/Buh/.m2/repository/org/springframework/spring-jdbc/3.0.5.RELEASE/spring-jdbc-3.0.5.RELEASE.jar:/Users/Buh/.m2/repository/org/springframework/spring-tx/3.0.5.RELEASE/spring-tx-3.0.5.RELEASE.jar:/Users/Buh/.m2/repository/org/springframework/spring-aop/3.0.5.RELEASE/spring-aop-3.0.5.RELEASE.jar:/Users/Buh/.m2/repository/org/springframework/spring-test/3.0.5.RELEASE/spring-test-3.0.5.RELEASE.jar:/Users/Buh/.m2/repository/org/springframework/spring-web/3.0.5.RELEASE/spring-web-3.0.5.RELEASE.jar:/Users/Buh/.m2/repository/aopalliance/aopalliance/1.0/aopalliance-1.0.jar:/Users/Buh/.m2/repository/org/springframework/spring-context/3.0.5.RELEASE/spring-context-3.0.5.RELEASE.jar:/Users/Buh/.m2/repository/org/springframework/spring-expression/3.0.5.RELEASE/spring-expression-3.0.5.RELEASE.jar:/Users/Buh/.m2/repository/org/apache/struts/struts2-core/2.3.3/struts2-core-2.3.3.jar:/Users/Buh/.m2/repository/org/apache/struts/xwork/xwork-core/2.3.3/xwork-core-2.3.3.jar:/Users/Buh/.m2/repository/asm/asm/3.3/asm-3.3.jar:/Users/Buh/.m2/repository/asm/asm-commons/3.3/asm-commons-3.3.jar:/Users/Buh/.m2/repository/asm/asm-tree/3.3/asm-tree-3.3.jar:/Users/Buh/.m2/repository/org/freemarker/freemarker/2.3.19/freemarker-2.3.19.jar:/Users/Buh/.m2/repository/ognl/ognl/3.0.5/ognl-3.0.5.jar:/Users/Buh/.m2/repository/commons-fileupload/commons-fileupload/1.2.2/commons-fileupload-1.2.2.jar:/Users/Buh/.m2/repository/commons-io/commons-io/2.0.1/commons-io-2.0.1.jar:/Users/Buh/.m2/repository/org/apache/struts/struts2-convention-plugin/2.3.3/struts2-convention-plugin-2.3.3.jar:/Users/Buh/.m2/repository/org/apache/commons/commons-lang3/3.1/commons-lang3-3.1.jar:/Users/Buh/.m2/repository/org/apache/struts/struts2-spring-plugin/2.3.3/struts2-spring-plugin-2.3.3.jar:/Users/Buh/.m2/repository/org/apache/struts/struts2-tiles-plugin/2.3.3/struts2-tiles-plugin-2.3.3.jar:/Users/Buh/.m2/repository/org/apache/struts/struts2-json-plugin/2.3.3/struts2-json-plugin-2.3.3.jar:/Users/Buh/.m2/repository/com/jgeppert/struts2/bootstrap/struts2-bootstrap-plugin/1.4.3/struts2-bootstrap-plugin-1.4.3.jar:/Users/Buh/.m2/repository/org/apache/velocity/velocity/1.5/velocity-1.5.jar:/Users/Buh/.m2/repository/commons-lang/commons-lang/2.1/commons-lang-2.1.jar:/Users/Buh/.m2/repository/oro/oro/2.0.8/oro-2.0.8.jar:/Users/Buh/.m2/repository/org/apache/tiles/tiles-core/2.2.2/tiles-core-2.2.2.jar:/Users/Buh/.m2/repository/commons-digester/commons-digester/2.0/commons-digester-2.0.jar:/Users/Buh/.m2/repository/commons-beanutils/commons-beanutils/1.8.0/commons-beanutils-1.8.0.jar:/Users/Buh/.m2/repository/org/slf4j/jcl-over-slf4j/1.5.8/jcl-over-slf4j-1.5.8.jar:/Users/Buh/.m2/repository/org/apache/tiles/tiles-api/2.2.2/tiles-api-2.2.2.jar:/Users/Buh/.m2/repository/org/apache/tiles/tiles-jsp/2.2.2/tiles-jsp-2.2.2.jar:/Users/Buh/.m2/repository/org/apache/tiles/tiles-servlet/2.2.2/tiles-servlet-2.2.2.jar:/Users/Buh/.m2/repository/org/apache/tiles/tiles-template/2.2.2/tiles-template-2.2.2.jar:/Users/Buh/.m2/repository/net/java/dev/rome/rome/1.0.0/rome-1.0.0.jar:/Users/Buh/.m2/repository/jdom/jdom/1.0/jdom-1.0.jar:/Users/Buh/.m2/repository/com/googlecode/s2rome/struts2-rome-plugin/0.3/struts2-rome-plugin-0.3.jar:/Users/Buh/.m2/repository/rome/rome/1.0/rome-1.0.jar:/Users/Buh/.m2/repository/commons-logging/commons-logging/1.1.1/commons-logging-1.1.1.jar:/Users/Buh/.m2/repository/com/borjabares/modelutil/modelutil/1.0/modelutil-1.0.jar:"/>
    <property name="java.specification.name" value="Java Platform API Specification"/>
    <property name="java.class.version" value="50.0"/>
    <property name="sun.management.compiler" value="HotSpot 64-Bit Tiered Compilers"/>
    <property name="os.version" value="10.6.8"/>
    <property name="http.nonProxyHosts" value="local|*.local|169.254/16|*.169.254/16"/>
    <property name="user.home" value="/Users/Buh"/>
    <property name="user.timezone" value="Europe/Madrid"/>
    <property name="java.awt.printerjob" value="apple.awt.CPrinterJob"/>
    <property name="java.specification.version" value="1.6"/>
    <property name="file.encoding" value="MacRoman"/>
    <property name="user.name" value="Buh"/>
    <property name="java.class.path" value="/Users/Buh/Documents/workspace/pan-ssh/target/test-classes:/Users/Buh/Documents/workspace/pan-ssh/target/classes:/Users/Buh/.m2/repository/javax/servlet/javax.servlet-api/3.0.1/javax.servlet-api-3.0.1.jar:/Users/Buh/.m2/repository/org/slf4j/slf4j-simple/1.6.1/slf4j-simple-1.6.1.jar:/Users/Buh/.m2/repository/org/slf4j/slf4j-api/1.6.1/slf4j-api-1.6.1.jar:/Users/Buh/.m2/repository/javassist/javassist/3.9.0.GA/javassist-3.9.0.GA.jar:/Users/Buh/.m2/repository/cglib/cglib-nodep/2.2/cglib-nodep-2.2.jar:/Users/Buh/.m2/repository/mysql/mysql-connector-java/5.1.9/mysql-connector-java-5.1.9.jar:/Users/Buh/.m2/repository/junit/junit/4.7/junit-4.7.jar:/Users/Buh/.m2/repository/org/hibernate/hibernate-core/3.5.6-Final/hibernate-core-3.5.6-Final.jar:/Users/Buh/.m2/repository/antlr/antlr/2.7.6/antlr-2.7.6.jar:/Users/Buh/.m2/repository/commons-collections/commons-collections/3.1/commons-collections-3.1.jar:/Users/Buh/.m2/repository/dom4j/dom4j/1.6.1/dom4j-1.6.1.jar:/Users/Buh/.m2/repository/xml-apis/xml-apis/1.0.b2/xml-apis-1.0.b2.jar:/Users/Buh/.m2/repository/javax/transaction/jta/1.1/jta-1.1.jar:/Users/Buh/.m2/repository/org/hibernate/hibernate-annotations/3.5.6-Final/hibernate-annotations-3.5.6-Final.jar:/Users/Buh/.m2/repository/org/hibernate/hibernate-commons-annotations/3.2.0.Final/hibernate-commons-annotations-3.2.0.Final.jar:/Users/Buh/.m2/repository/org/hibernate/javax/persistence/hibernate-jpa-2.0-api/1.0.0.Final/hibernate-jpa-2.0-api-1.0.0.Final.jar:/Users/Buh/.m2/repository/org/springframework/spring-orm/3.0.5.RELEASE/spring-orm-3.0.5.RELEASE.jar:/Users/Buh/.m2/repository/org/springframework/spring-beans/3.0.5.RELEASE/spring-beans-3.0.5.RELEASE.jar:/Users/Buh/.m2/repository/org/springframework/spring-core/3.0.5.RELEASE/spring-core-3.0.5.RELEASE.jar:/Users/Buh/.m2/repository/org/springframework/spring-asm/3.0.5.RELEASE/spring-asm-3.0.5.RELEASE.jar:/Users/Buh/.m2/repository/org/springframework/spring-jdbc/3.0.5.RELEASE/spring-jdbc-3.0.5.RELEASE.jar:/Users/Buh/.m2/repository/org/springframework/spring-tx/3.0.5.RELEASE/spring-tx-3.0.5.RELEASE.jar:/Users/Buh/.m2/repository/org/springframework/spring-aop/3.0.5.RELEASE/spring-aop-3.0.5.RELEASE.jar:/Users/Buh/.m2/repository/org/springframework/spring-test/3.0.5.RELEASE/spring-test-3.0.5.RELEASE.jar:/Users/Buh/.m2/repository/org/springframework/spring-web/3.0.5.RELEASE/spring-web-3.0.5.RELEASE.jar:/Users/Buh/.m2/repository/aopalliance/aopalliance/1.0/aopalliance-1.0.jar:/Users/Buh/.m2/repository/org/springframework/spring-context/3.0.5.RELEASE/spring-context-3.0.5.RELEASE.jar:/Users/Buh/.m2/repository/org/springframework/spring-expression/3.0.5.RELEASE/spring-expression-3.0.5.RELEASE.jar:/Users/Buh/.m2/repository/org/apache/struts/struts2-core/2.3.3/struts2-core-2.3.3.jar:/Users/Buh/.m2/repository/org/apache/struts/xwork/xwork-core/2.3.3/xwork-core-2.3.3.jar:/Users/Buh/.m2/repository/asm/asm/3.3/asm-3.3.jar:/Users/Buh/.m2/repository/asm/asm-commons/3.3/asm-commons-3.3.jar:/Users/Buh/.m2/repository/asm/asm-tree/3.3/asm-tree-3.3.jar:/Users/Buh/.m2/repository/org/freemarker/freemarker/2.3.19/freemarker-2.3.19.jar:/Users/Buh/.m2/repository/ognl/ognl/3.0.5/ognl-3.0.5.jar:/Users/Buh/.m2/repository/commons-fileupload/commons-fileupload/1.2.2/commons-fileupload-1.2.2.jar:/Users/Buh/.m2/repository/commons-io/commons-io/2.0.1/commons-io-2.0.1.jar:/Users/Buh/.m2/repository/org/apache/struts/struts2-convention-plugin/2.3.3/struts2-convention-plugin-2.3.3.jar:/Users/Buh/.m2/repository/org/apache/commons/commons-lang3/3.1/commons-lang3-3.1.jar:/Users/Buh/.m2/repository/org/apache/struts/struts2-spring-plugin/2.3.3/struts2-spring-plugin-2.3.3.jar:/Users/Buh/.m2/repository/org/apache/struts/struts2-tiles-plugin/2.3.3/struts2-tiles-plugin-2.3.3.jar:/Users/Buh/.m2/repository/org/apache/struts/struts2-json-plugin/2.3.3/struts2-json-plugin-2.3.3.jar:/Users/Buh/.m2/repository/com/jgeppert/struts2/bootstrap/struts2-bootstrap-plugin/1.4.3/struts2-bootstrap-plugin-1.4.3.jar:/Users/Buh/.m2/repository/org/apache/velocity/velocity/1.5/velocity-1.5.jar:/Users/Buh/.m2/repository/commons-lang/commons-lang/2.1/commons-lang-2.1.jar:/Users/Buh/.m2/repository/oro/oro/2.0.8/oro-2.0.8.jar:/Users/Buh/.m2/repository/org/apache/tiles/tiles-core/2.2.2/tiles-core-2.2.2.jar:/Users/Buh/.m2/repository/commons-digester/commons-digester/2.0/commons-digester-2.0.jar:/Users/Buh/.m2/repository/commons-beanutils/commons-beanutils/1.8.0/commons-beanutils-1.8.0.jar:/Users/Buh/.m2/repository/org/slf4j/jcl-over-slf4j/1.5.8/jcl-over-slf4j-1.5.8.jar:/Users/Buh/.m2/repository/org/apache/tiles/tiles-api/2.2.2/tiles-api-2.2.2.jar:/Users/Buh/.m2/repository/org/apache/tiles/tiles-jsp/2.2.2/tiles-jsp-2.2.2.jar:/Users/Buh/.m2/repository/org/apache/tiles/tiles-servlet/2.2.2/tiles-servlet-2.2.2.jar:/Users/Buh/.m2/repository/org/apache/tiles/tiles-template/2.2.2/tiles-template-2.2.2.jar:/Users/Buh/.m2/repository/net/java/dev/rome/rome/1.0.0/rome-1.0.0.jar:/Users/Buh/.m2/repository/jdom/jdom/1.0/jdom-1.0.jar:/Users/Buh/.m2/repository/com/googlecode/s2rome/struts2-rome-plugin/0.3/struts2-rome-plugin-0.3.jar:/Users/Buh/.m2/repository/rome/rome/1.0/rome-1.0.jar:/Users/Buh/.m2/repository/commons-logging/commons-logging/1.1.1/commons-logging-1.1.1.jar:/Users/Buh/.m2/repository/com/borjabares/modelutil/modelutil/1.0/modelutil-1.0.jar:"/>
    <property name="java.vm.specification.version" value="1.0"/>
    <property name="sun.arch.data.model" value="64"/>
    <property name="java.home" value="/System/Library/Java/JavaVirtualMachines/1.6.0.jdk/Contents/Home"/>
    <property name="sun.java.command" value="/Users/Buh/Documents/workspace/pan-ssh/target/surefire/surefirebooter1185821195079077252.jar /Users/Buh/Documents/workspace/pan-ssh/target/surefire/surefire1756010240658386849tmp /Users/Buh/Documents/workspace/pan-ssh/target/surefire/surefire2694090133948007248tmp"/>
    <property name="java.specification.vendor" value="Sun Microsystems Inc."/>
    <property name="user.language" value="es"/>
    <property name="awt.toolkit" value="apple.awt.CToolkit"/>
    <property name="java.vm.info" value="mixed mode"/>
    <property name="java.version" value="1.6.0_33"/>
    <property name="java.ext.dirs" value="/Library/Java/Extensions:/System/Library/Java/Extensions:/System/Library/Java/JavaVirtualMachines/1.6.0.jdk/Contents/Home/lib/ext"/>
    <property name="sun.boot.class.path" value="/System/Library/Java/JavaVirtualMachines/1.6.0.jdk/Contents/Classes/jsfd.jar:/System/Library/Java/JavaVirtualMachines/1.6.0.jdk/Contents/Classes/classes.jar:/System/Library/Frameworks/JavaVM.framework/Frameworks/JavaRuntimeSupport.framework/Resources/Java/JavaRuntimeSupport.jar:/System/Library/Java/JavaVirtualMachines/1.6.0.jdk/Contents/Classes/ui.jar:/System/Library/Java/JavaVirtualMachines/1.6.0.jdk/Contents/Classes/laf.jar:/System/Library/Java/JavaVirtualMachines/1.6.0.jdk/Contents/Classes/sunrsasign.jar:/System/Library/Java/JavaVirtualMachines/1.6.0.jdk/Contents/Classes/jsse.jar:/System/Library/Java/JavaVirtualMachines/1.6.0.jdk/Contents/Classes/jce.jar:/System/Library/Java/JavaVirtualMachines/1.6.0.jdk/Contents/Classes/charsets.jar"/>
    <property name="java.vendor" value="Apple Inc."/>
    <property name="localRepository" value="/Users/Buh/.m2/repository"/>
    <property name="file.separator" value="/"/>
    <property name="java.vendor.url.bug" value="http://bugreport.apple.com/"/>
    <property name="sun.cpu.endian" value="little"/>
    <property name="sun.io.unicode.encoding" value="UnicodeLittle"/>
    <property name="mrj.version" value="1060.1.6.0_33-424"/>
    <property name="socksNonProxyHosts" value="local|*.local|169.254/16|*.169.254/16"/>
    <property name="ftp.nonProxyHosts" value="local|*.local|169.254/16|*.169.254/16"/>
    <property name="sun.cpu.isalist" value=""/>
  </properties>
  <testcase time="0" classname="com.borjabares.pan_ssh.test.util.TrimmerTest" name="testBlank"/>
  <testcase time="0" classname="com.borjabares.pan_ssh.test.util.TrimmerTest" name="testOthers"/>
</testsuite>